Arguments: 
  C:\Program Files\nodejs\node.exe C:\Users\DESKTOP-IMHSI5\AppData\Roaming\npm\node_modules\yarn\bin\yarn.js add pylint

PATH: 
  C:\Program Files (x86)\Common Files\Oracle\Java\javapath;C:\WINDOWS\system32;C:\WINDOWS;C:\WINDOWS\System32\Wbem;C:\WINDOWS\System32\WindowsPowerShell\v1.0\;C:\WINDOWS\System32\OpenSSH\;C:\Program Files\nodejs\;C:\Program Files\Java\jdk-10.0.2\bin;C:\Program Files\Java\jre-10.0.2\bin;C:\Program Files\Java\jdk-10.0.2;C:\Users\DESKTOP-IMHSI5\AppData\Local\Android\Sdk;C:\Program Files\Microsoft SQL Server\130\Tools\Binn\;C:\Program Files\Microsoft SQL Server\Client SDK\ODBC\170\Tools\Binn\;C:\Program Files\Microsoft SQL Server\110\Tools\Binn\;C:\Program Files (x86)\Microsoft SQL Server\110\Tools\Binn\;C:\Program Files\Microsoft SQL Server\110\DTS\Binn\;C:\Program Files (x86)\Microsoft SQL Server\110\Tools\Binn\ManagementStudio\;C:\Program Files (x86)\Microsoft SQL Server\110\DTS\Binn\;C:\xampp\php;C:\composer;%ANDROID_SDK_HOME%;%JAVA_HOME%;%ANDROID_SDK_ROOT%;C:\Program Files\dotnet\;C:\Program Files\Git\cmd;C:\Users\DESKTOP-IMHSI5\AppData\Local\Programs\Python\Python38-32\Scripts\;C:\Users\DESKTOP-IMHSI5\AppData\Local\Programs\Python\Python38-32\;C:\Users\DESKTOP-IMHSI5\AppData\Local\Microsoft\WindowsApps;C:\Users\DESKTOP-IMHSI5\AppData\Roaming\npm;C:\Users\DESKTOP-IMHSI5\AppData\Local\Programs\Microsoft VS Code\bin;C:\Program Files\Java\jdk-10.0.2;C:\Users\DESKTOP-IMHSI5\AppData\Local\Android\Sdk;C:\Users\DESKTOP-IMHSI5\AppData\Local\Android\Sdk;C:\Users\DESKTOP-IMHSI5\.dotnet\tools;C:\Users\DESKTOP-IMHSI5\AppData\Roaming\Composer\vendor\bin;C:\Users\DESKTOP-IMHSI5\.dotnet\tools;C:\Users\DESKTOP-IMHSI5\AppData\Local\Android\Sdk\platform-tools\adb;C:\Users\DESKTOP-IMHSI5\AppData\Local\Android\Sdk;

Yarn version: 
  1.22.10

Node version: 
  12.16.3

Platform: 
  win32 x64

Trace: 
  Error: https://registry.yarnpkg.com/pylint: Not found
      at Request.params.callback [as _callback] (C:\Users\DESKTOP-IMHSI5\AppData\Roaming\npm\node_modules\yarn\lib\cli.js:66988:18)
      at Request.self.callback (C:\Users\DESKTOP-IMHSI5\AppData\Roaming\npm\node_modules\yarn\lib\cli.js:140662:22)
      at Request.emit (events.js:310:20)
      at Request.<anonymous> (C:\Users\DESKTOP-IMHSI5\AppData\Roaming\npm\node_modules\yarn\lib\cli.js:141634:10)
      at Request.emit (events.js:310:20)
      at IncomingMessage.<anonymous> (C:\Users\DESKTOP-IMHSI5\AppData\Roaming\npm\node_modules\yarn\lib\cli.js:141556:12)
      at Object.onceWrapper (events.js:416:28)
      at IncomingMessage.emit (events.js:322:22)
      at endReadableNT (_stream_readable.js:1187:12)
      at processTicksAndRejections (internal/process/task_queues.js:84:21)

npm manifest: 
  No manifest

yarn manifest: 
  No manifest

Lockfile: 
  No lockfile
